app/build/outputs/logs/manifest-merger-debug-report.txt
-- Merging decision tree log ---
manifest
ADDED from src/main/AndroidManifest.xml:2:1-170:12
	package
		ADDED from src/main/AndroidManifest.xml:3:5-44
	android:versionName
		INJECTED from src/main/AndroidManifest.xml
		INJECTED from src/main/AndroidManifest.xml
	xmlns:android
		ADDED from src/main/AndroidManifest.xml:4:5-63
	android:versionCode
		INJECTED from src/main/AndroidManifest.xml
		INJECTED from src/main/AndroidManifest.xml
	android:installLocation
		ADDED from src/main/AndroidManifest.xml:5:5-45
uses-permission#android.permission.INTERNET
ADDED from src/main/AndroidManifest.xml:7:5-67
	android:name
		ADDED from src/main/AndroidManifest.xml:7:22-64
uses-permission#android.permission.ACCESS_NETWORK_STATE
ADDED from src/main/AndroidManifest.xml:8:5-79
	android:name
		ADDED from src/main/AndroidManifest.xml:8:22-76
uses-permission#android.permission.MANAGE_DOCUMENTS
ADDED from src/main/AndroidManifest.xml:9:5-75
	android:name
		ADDED from src/main/AndroidManifest.xml:9:22-72
uses-permission#android.provider.MediaStore.Images.Media.EXTERNAL_CONTENT_URI
ADDED from src/main/AndroidManifest.xml:10:5-101
	android:name
		ADDED from src/main/AndroidManifest.xml:10:22-98
uses-permission#android.permission.READ_EXTERNAL_STORAGE
ADDED from src/main/AndroidManifest.xml:11:5-80
	android:name
		ADDED from src/main/AndroidManifest.xml:11:22-77
uses-permission#android.permission.WRITE_EXTERNAL_STORAGE
ADDED from src/main/AndroidManifest.xml:12:5-81
	android:name
		ADDED from src/main/AndroidManifest.xml:12:22-78
uses-permission#android.permission.CAMERA
ADDED from src/main/AndroidManifest.xml:13:5-65
	android:name
		ADDED from src/main/AndroidManifest.xml:13:22-62
uses-permission#android.permission.WAKE_LOCK
ADDED from src/main/AndroidManifest.xml:14:5-68
	android:name
		ADDED from src/main/AndroidManifest.xml:14:22-65
uses-permission#android.permission.READ_PHONE_STATE
ADDED from src/main/AndroidManifest.xml:15:5-75
	android:name
		ADDED from src/main/AndroidManifest.xml:15:22-72
uses-permission#com.quickblox.qmunicate.permission.C2D_MESSAGE
ADDED from src/main/AndroidManifest.xml:16:5-86
	android:name
		ADDED from src/main/AndroidManifest.xml:16:22-83
uses-permission#android.permission.GET_ACCOUNTS
ADDED from src/main/AndroidManifest.xml:17:5-71
	android:name
		ADDED from src/main/AndroidManifest.xml:17:22-68
uses-permission#android.permission.READ_CONTACTS
ADDED from src/main/AndroidManifest.xml:18:5-72
	android:name
		ADDED from src/main/AndroidManifest.xml:18:22-69
uses-permission#android.permission.MODIFY_AUDIO_SETTINGS
ADDED from src/main/AndroidManifest.xml:19:5-80
	android:name
		ADDED from src/main/AndroidManifest.xml:19:22-77
uses-permission#android.permission.RECORD_AUDIO
ADDED from src/main/AndroidManifest.xml:20:5-71
	android:name
		ADDED from src/main/AndroidManifest.xml:20:22-68
uses-permission#com.google.android.c2dm.permission.RECEIVE
ADDED from src/main/AndroidManifest.xml:21:5-82
	android:name
		ADDED from src/main/AndroidManifest.xml:21:22-79
uses-permission#android.permission.VIBRATE
ADDED from src/main/AndroidManifest.xml:22:5-66
	android:name
		ADDED from src/main/AndroidManifest.xml:22:22-63
permission#com.quickblox.socialmessenger.permission.C2D_MESSAGE
ADDED from src/main/AndroidManifest.xml:24:5-26:47
	android:protectionLevel
		ADDED from src/main/AndroidManifest.xml:26:9-44
	android:name
		ADDED from src/main/AndroidManifest.xml:25:9-76
application
ADDED from src/main/AndroidManifest.xml:28:5-168:19
MERGED from [SocialMessenger2:core:unspecified] AndroidManifest.xml:9:5-47
MERGED from [SocialMessenger2:facebook:unspecified] AndroidManifest.xml:24:5-20
MERGED from [com.google.android.gms:play-services:5.0.89] AndroidManifest.xml:16:5-19
MERGED from [SocialMessenger2:cropper:unspecified] AndroidManifest.xml:9:5-47
MERGED from [com.google.android.gms:play-services:5.0.89] AndroidManifest.xml:16:5-19
MERGED from [com.github.chrisbanes.actionbarpulltorefresh:library:0.9.9] AndroidManifest.xml:3:5-19
MERGED from [com.github.castorflex.smoothprogressbar:library:0.4.0] AndroidManifest.xml:5:5-19
	android:label
		ADDED from src/main/AndroidManifest.xml:32:9-41
	android:allowBackup
		ADDED from src/main/AndroidManifest.xml:30:9-35
	android:icon
		ADDED from src/main/AndroidManifest.xml:31:9-50
	android:theme
		ADDED from src/main/AndroidManifest.xml:33:9-40
	android:name
		ADDED from src/main/AndroidManifest.xml:29:9-57
activity#com.quickblox.socialmessenger.ui.splash.SplashActivity
ADDED from src/main/AndroidManifest.xml:34:9-44:20
	android:screenOrientation
		ADDED from src/main/AndroidManifest.xml:37:13-49
	android:launchMode
		ADDED from src/main/AndroidManifest.xml:38:13-48
	android:configChanges
		ADDED from src/main/AndroidManifest.xml:36:13-74
	android:theme
		ADDED from src/main/AndroidManifest.xml:39:13-56
	android:name
		ADDED from src/main/AndroidManifest.xml:35:13-82
intent-filter#android.intent.action.MAIN+android.intent.category.LAUNCHER
ADDED from src/main/AndroidManifest.xml:40:13-43:29
action#android.intent.action.MAIN
ADDED from src/main/AndroidManifest.xml:41:17-69
	android:name
		ADDED from src/main/AndroidManifest.xml:41:25-66
category#android.intent.category.LAUNCHER
ADDED from src/main/AndroidManifest.xml:42:17-77
	android:name
		ADDED from src/main/AndroidManifest.xml:42:27-74
activity#com.quickblox.socialmessenger.ui.authorization.landing.LandingActivity
ADDED from src/main/AndroidManifest.xml:45:9-49:59
	android:screenOrientation
		ADDED from src/main/AndroidManifest.xml:48:13-49
	android:configChanges
		ADDED from src/main/AndroidManifest.xml:47:13-74
	android:theme
		ADDED from src/main/AndroidManifest.xml:49:13-56
	android:name
		ADDED from src/main/AndroidManifest.xml:46:13-98
activity#com.quickblox.socialmessenger.ui.authorization.login.LoginActivity
ADDED from src/main/AndroidManifest.xml:50:9-54:52
	android:screenOrientation
		ADDED from src/main/AndroidManifest.xml:54:13-49
	android:label
		ADDED from src/main/AndroidManifest.xml:53:13-46
	android:configChanges
		ADDED from src/main/AndroidManifest.xml:52:13-74
	android:name
		ADDED from src/main/AndroidManifest.xml:51:13-94
activity#com.quickblox.socialmessenger.ui.authorization.signup.SignUpActivity
ADDED from src/main/AndroidManifest.xml:55:9-59:52
	android:screenOrientation
		ADDED from src/main/AndroidManifest.xml:59:13-49
	android:label
		ADDED from src/main/AndroidManifest.xml:58:13-48
	android:configChanges
		ADDED from src/main/AndroidManifest.xml:57:13-74
	android:name
		ADDED from src/main/AndroidManifest.xml:56:13-96
activity#com.quickblox.socialmessenger.ui.main.MainActivity
ADDED from src/main/AndroidManifest.xml:60:9-63:57
	android:screenOrientation
		ADDED from src/main/AndroidManifest.xml:62:13-49
	android:icon
		ADDED from src/main/AndroidManifest.xml:63:13-54
	android:name
		ADDED from src/main/AndroidManifest.xml:61:13-78
activity#com.facebook.LoginActivity
ADDED from src/main/AndroidManifest.xml:64:9-68:52
	android:screenOrientation
		ADDED from src/main/AndroidManifest.xml:68:13-49
	android:label
		ADDED from src/main/AndroidManifest.xml:67:13-45
	android:configChanges
		ADDED from src/main/AndroidManifest.xml:66:13-74
	android:name
		ADDED from src/main/AndroidManifest.xml:65:13-54
activity#com.quickblox.socialmessenger.ui.friends.FriendDetailsActivity
ADDED from src/main/AndroidManifest.xml:69:9-74:52
	android:screenOrientation
		ADDED from src/main/AndroidManifest.xml:74:13-49
	android:label
		ADDED from src/main/AndroidManifest.xml:72:13-46
	android:parentActivityName
		ADDED from src/main/AndroidManifest.xml:73:13-92
	android:configChanges
		ADDED from src/main/AndroidManifest.xml:71:13-74
	android:name
		ADDED from src/main/AndroidManifest.xml:70:13-90
activity#com.quickblox.socialmessenger.ui.chats.dialogs.NewDialogActivity
ADDED from src/main/AndroidManifest.xml:75:9-80:52
	android:screenOrientation
		ADDED from src/main/AndroidManifest.xml:80:13-49
	android:label
		ADDED from src/main/AndroidManifest.xml:78:13-46
	android:parentActivityName
		ADDED from src/main/AndroidManifest.xml:79:13-92
	android:configChanges
		ADDED from src/main/AndroidManifest.xml:77:13-74
	android:name
		ADDED from src/main/AndroidManifest.xml:76:13-63
activity#com.quickblox.socialmessenger.ui.chats.PrivateDialogActivity
ADDED from src/main/AndroidManifest.xml:81:9-85:52
	android:screenOrientation
		ADDED from src/main/AndroidManifest.xml:85:13-49
	android:parentActivityName
		ADDED from src/main/AndroidManifest.xml:84:13-92
	android:configChanges
		ADDED from src/main/AndroidManifest.xml:83:13-74
	android:name
		ADDED from src/main/AndroidManifest.xml:82:13-88
activity#com.quickblox.socialmessenger.ui.chats.GroupDialogActivity
ADDED from src/main/AndroidManifest.xml:86:9-90:52
	android:screenOrientation
		ADDED from src/main/AndroidManifest.xml:90:13-49
	android:parentActivityName
		ADDED from src/main/AndroidManifest.xml:89:13-92
	android:configChanges
		ADDED from src/main/AndroidManifest.xml:88:13-74
	android:name
		ADDED from src/main/AndroidManifest.xml:87:13-86
activity#com.quickblox.socialmessenger.ui.chats.GroupDialogDetailsActivity
ADDED from src/main/AndroidManifest.xml:91:9-96:52
	android:screenOrientation
		ADDED from src/main/AndroidManifest.xml:96:13-49
	android:label
		ADDED from src/main/AndroidManifest.xml:94:13-46
	android:parentActivityName
		ADDED from src/main/AndroidManifest.xml:95:13-100
	android:configChanges
		ADDED from src/main/AndroidManifest.xml:93:13-74
	android:name
		ADDED from src/main/AndroidManifest.xml:92:13-93
activity#com.quickblox.socialmessenger.ui.profile.ProfileActivity
ADDED from src/main/AndroidManifest.xml:97:9-102:52
	android:screenOrientation
		ADDED from src/main/AndroidManifest.xml:102:13-49
	android:label
		ADDED from src/main/AndroidManifest.xml:100:13-46
	android:parentActivityName
		ADDED from src/main/AndroidManifest.xml:101:13-92
	android:configChanges
		ADDED from src/main/AndroidManifest.xml:99:13-74
	android:name
		ADDED from src/main/AndroidManifest.xml:98:13-84
activity#com.quickblox.socialmessenger.ui.chats.AddFriendsToGroupActivity
ADDED from src/main/AndroidManifest.xml:103:9-108:52
	android:screenOrientation
		ADDED from src/main/AndroidManifest.xml:108:13-49
	android:label
		ADDED from src/main/AndroidManifest.xml:106:13-46
	android:parentActivityName
		ADDED from src/main/AndroidManifest.xml:107:13-107
	android:configChanges
		ADDED from src/main/AndroidManifest.xml:105:13-74
	android:name
		ADDED from src/main/AndroidManifest.xml:104:13-92
activity#com.quickblox.socialmessenger.ui.settings.ChangePasswordActivity
ADDED from src/main/AndroidManifest.xml:109:9-114:52
	android:screenOrientation
		ADDED from src/main/AndroidManifest.xml:114:13-49
	android:label
		ADDED from src/main/AndroidManifest.xml:112:13-62
	android:parentActivityName
		ADDED from src/main/AndroidManifest.xml:113:13-92
	android:configChanges
		ADDED from src/main/AndroidManifest.xml:111:13-74
	android:name
		ADDED from src/main/AndroidManifest.xml:110:13-92
activity#com.quickblox.socialmessenger.ui.forgotpassword.ForgotPasswordActivity
ADDED from src/main/AndroidManifest.xml:115:9-120:52
	android:screenOrientation
		ADDED from src/main/AndroidManifest.xml:120:13-49
	android:label
		ADDED from src/main/AndroidManifest.xml:118:13-62
	android:parentActivityName
		ADDED from src/main/AndroidManifest.xml:119:13-108
	android:configChanges
		ADDED from src/main/AndroidManifest.xml:117:13-74
	android:name
		ADDED from src/main/AndroidManifest.xml:116:13-98
activity#com.quickblox.socialmessenger.ui.agreements.UserAgreementActivity
ADDED from src/main/AndroidManifest.xml:121:9-126:52
	android:screenOrientation
		ADDED from src/main/AndroidManifest.xml:126:13-49
	android:label
		ADDED from src/main/AndroidManifest.xml:124:13-61
	android:parentActivityName
		ADDED from src/main/AndroidManifest.xml:125:13-110
	android:configChanges
		ADDED from src/main/AndroidManifest.xml:123:13-74
	android:name
		ADDED from src/main/AndroidManifest.xml:122:13-93
activity#com.quickblox.socialmessenger.ui.mediacall.CallActivity
ADDED from src/main/AndroidManifest.xml:127:9-131:52
	android:screenOrientation
		ADDED from src/main/AndroidManifest.xml:131:13-49
	android:launchMode
		ADDED from src/main/AndroidManifest.xml:129:13-44
	android:configChanges
		ADDED from src/main/AndroidManifest.xml:130:13-74
	android:name
		ADDED from src/main/AndroidManifest.xml:128:13-83
activity#com.soundcloud.android.crop.CropImageActivity
ADDED from src/main/AndroidManifest.xml:136:9-82
	android:name
		ADDED from src/main/AndroidManifest.xml:136:19-79
meta-data#com.facebook.sdk.ApplicationId
ADDED from src/main/AndroidManifest.xml:138:9-140:55
	android:value
		ADDED from src/main/AndroidManifest.xml:140:13-52
	android:name
		ADDED from src/main/AndroidManifest.xml:139:13-58
meta-data#com.google.android.gms.version
ADDED from src/main/AndroidManifest.xml:142:9-144:69
	android:value
		ADDED from src/main/AndroidManifest.xml:144:13-66
	android:name
		ADDED from src/main/AndroidManifest.xml:143:13-58
receiver#com.quickblox.socialmessenger.GcmBroadcastReceiver
ADDED from src/main/AndroidManifest.xml:146:9-155:20
	android:permission
		ADDED from src/main/AndroidManifest.xml:148:13-73
	android:name
		ADDED from src/main/AndroidManifest.xml:147:13-78
intent-filter#com.google.android.c2dm.intent.RECEIVE+com.google.android.c2dm.intent.REGISTRATION
ADDED from src/main/AndroidManifest.xml:149:13-154:29
action#com.google.android.c2dm.intent.RECEIVE
ADDED from src/main/AndroidManifest.xml:150:17-81
	android:name
		ADDED from src/main/AndroidManifest.xml:150:25-78
action#com.google.android.c2dm.intent.REGISTRATION
ADDED from src/main/AndroidManifest.xml:151:17-86
	android:name
		ADDED from src/main/AndroidManifest.xml:151:25-83
service#com.quickblox.socialmessenger.GCMIntentService
ADDED from src/main/AndroidManifest.xml:157:9-82
	android:name
		ADDED from src/main/AndroidManifest.xml:157:18-79
service#com.quickblox.core.service.QBService
ADDED from src/main/AndroidManifest.xml:158:9-160:57
	android:icon
		ADDED from src/main/AndroidManifest.xml:160:13-54
	android:name
		ADDED from src/main/AndroidManifest.xml:159:13-64
provider#com.quickblox.core.db.DatabaseProvider
ADDED from src/main/AndroidManifest.xml:162:9-165:40
	android:authorities
		ADDED from src/main/AndroidManifest.xml:164:13-64
	android:exported
		ADDED from src/main/AndroidManifest.xml:165:13-37
	android:name
		ADDED from src/main/AndroidManifest.xml:163:13-66
meta-data#com.crashlytics.ApiKey
ADDED from src/main/AndroidManifest.xml:166:9-116
	android:value
		ADDED from src/main/AndroidManifest.xml:166:58-114
	android:name
		ADDED from src/main/AndroidManifest.xml:166:20-57
uses-sdk
INJECTED from src/main/AndroidManifest.xml reason: use-sdk injection requested
MERGED from [SocialMessenger2:core:unspecified] AndroidManifest.xml:5:5-7:41
MERGED from [SocialMessenger2:facebook:unspecified] AndroidManifest.xml:20:5-22:41
MERGED from [com.google.android.gms:play-services:5.0.89] AndroidManifest.xml:15:5-42
MERGED from [SocialMessenger2:cropper:unspecified] AndroidManifest.xml:5:5-7:41
MERGED from [SocialMessenger2:stickyListHeaders:unspecified] AndroidManifest.xml:7:5-9:41
MERGED from [com.google.android.gms:play-services:5.0.89] AndroidManifest.xml:15:5-42
MERGED from [com.github.chrisbanes.actionbarpulltorefresh:library:0.9.9] AndroidManifest.xml:2:5-72
MERGED from [com.github.castorflex.smoothprogressbar:library:0.4.0] AndroidManifest.xml:3:5-72
	android:targetSdkVersion
		INJECTED from src/main/AndroidManifest.xml
		INJECTED from src/main/AndroidManifest.xml
	android:minSdkVersion
		INJECTED from src/main/AndroidManifest.xml
		INJECTED from src/main/AndroidManifest.xml